[debug] [2023-11-05T20:49:56.872Z] ----------------------------------------------------------------------
[debug] [2023-11-05T20:49:56.876Z] Command:       C:\Program Files\nodejs\node.exe C:\Users\Fearless\AppData\Roaming\npm\node_modules\firebase-tools\lib\bin\firebase.js init
[debug] [2023-11-05T20:49:56.876Z] CLI Version:   12.8.0
[debug] [2023-11-05T20:49:56.877Z] Platform:      win32
[debug] [2023-11-05T20:49:56.877Z] Node Version:  v18.17.1
[debug] [2023-11-05T20:49:56.879Z] Time:          Sun Nov 05 2023 23:49:56 GMT+0300 (East Africa Time)
[debug] [2023-11-05T20:49:56.880Z] ----------------------------------------------------------------------
[debug] 
[debug] [2023-11-05T20:49:56.891Z] > command requires scopes: ["email","openid","https://www.googleapis.com/auth/cloudplatformprojects.readonly","https://www.googleapis.com/auth/firebase","https://www.googleapis.com/auth/cloud-platform"]
[debug] [2023-11-05T20:49:56.892Z] > authorizing via signed-in user (mcclainkel@gmail.com)
[info] 
     ######## #### ########  ######## ########     ###     ######  ########
     ##        ##  ##     ## ##       ##     ##  ##   ##  ##       ##
     ######    ##  ########  ######   ########  #########  ######  ######
     ##        ##  ##    ##  ##       ##     ## ##     ##       ## ##
     ##       #### ##     ## ######## ########  ##     ##  ######  ########

You're about to initialize a Firebase project in this directory:

  C:\Users\Fearless\Documents\GitHub\le-tracker

[info] 
=== Project Setup
[info] 
[info] First, let's associate this project directory with a Firebase project.
[info] You can create multiple project aliases by running firebase use --add, 
[info] but for now we'll just set up a default project.
[info] 
[debug] [2023-11-05T20:54:35.317Z] >>> [apiv2][query] GET https://firebase.googleapis.com/v1beta1/projects pageSize=100
[debug] [2023-11-05T20:54:36.331Z] <<< [apiv2][status] GET https://firebase.googleapis.com/v1beta1/projects 200
[debug] [2023-11-05T20:54:36.332Z] <<< [apiv2][body] GET https://firebase.googleapis.com/v1beta1/projects [omitted]
[info] i  Using project peak-suprstate-384109 (Le Traqueur) 
[info] 
=== Hosting Setup
[info] 
[info] Your public directory is the folder (relative to your project directory) that
[info] will contain Hosting assets to be uploaded with firebase deploy. If you
[info] have a build process for your assets, use your build's output directory.
[info] 
[info] +  Wrote public/404.html 
[debug] [2023-11-05T21:03:24.275Z] >>> [apiv2][query] GET https://www.gstatic.com/firebasejs/releases.json [none]
[debug] [2023-11-05T21:03:24.750Z] <<< [apiv2][status] GET https://www.gstatic.com/firebasejs/releases.json 200
[debug] [2023-11-05T21:03:24.750Z] <<< [apiv2][body] GET https://www.gstatic.com/firebasejs/releases.json {"current":{"version":"10.5.2","browserURL":"https://www.gstatic.com/firebasejs/10.5.2/firebase.js","packageURL":"https://www.gstatic.com/firebasejs/10.5.2/firebase.tgz"},"live":{"version":"10.5","browserURL":"https://www.gstatic.com/firebasejs/live/10.5/firebase.js","packageURL":"https://www.gstatic.com/firebasejs/live/10.5/firebase.tgz"},"components":{"analytics":"https://www.gstatic.com/firebasejs/10.5.2/firebase-analytics.js","app":"https://www.gstatic.com/firebasejs/10.5.2/firebase-app.js","app-check":"https://www.gstatic.com/firebasejs/10.5.2/firebase-app-check.js","auth":"https://www.gstatic.com/firebasejs/10.5.2/firebase-auth.js","auth/cordova":"https://www.gstatic.com/firebasejs/10.5.2/firebase-auth/cordova.js","functions":"https://www.gstatic.com/firebasejs/10.5.2/firebase-functions.js","firestore":"https://www.gstatic.com/firebasejs/10.5.2/firebase-firestore.js","firestore/lite":"https://www.gstatic.com/firebasejs/10.5.2/firebase-firestore/lite.js","installations":"https://www.gstatic.com/firebasejs/10.5.2/firebase-installations.js","storage":"https://www.gstatic.com/firebasejs/10.5.2/firebase-storage.js","performance":"https://www.gstatic.com/firebasejs/10.5.2/firebase-performance.js","remote-config":"https://www.gstatic.com/firebasejs/10.5.2/firebase-remote-config.js","messaging":"https://www.gstatic.com/firebasejs/10.5.2/firebase-messaging.js","messaging/sw":"https://www.gstatic.com/firebasejs/10.5.2/firebase-messaging/sw.js","database":"https://www.gstatic.com/firebasejs/10.5.2/firebase-database.js","firestore.memory":"https://www.gstatic.com/firebasejs/10.5.2/firebase-firestore.memory.js"}}
[info] +  Wrote public/index.html 
[info] 
[info] i  Detected a .git folder at C:\Users\Fearless\Documents\GitHub\le-tracker 
[info] i  Authorizing with GitHub to upload your service account to a GitHub repository's secrets store. 
[info] 
[info] Visit this URL on this device to log in:
[info] https://github.com/login/oauth/authorize?client_id=89cf50f02ac6aaed3484&state=367922629&redirect_uri=http%3A%2F%2Flocalhost%3A9005&scope=read%3Auser%20repo%20public_repo
[info] 
[info] Waiting for authentication...
[debug] [2023-11-05T21:03:50.544Z] >>> [apiv2][query] POST https://github.com/login/oauth/access_token [none]
[debug] [2023-11-05T21:03:50.544Z] >>> [apiv2][body] POST https://github.com/login/oauth/access_token [stream]
[debug] [2023-11-05T21:03:51.391Z] <<< [apiv2][status] POST https://github.com/login/oauth/access_token 200
[debug] [2023-11-05T21:03:51.392Z] <<< [apiv2][body] POST https://github.com/login/oauth/access_token {"access_token":"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","token_type":"bearer","scope":"read:user,repo"}
[debug] [2023-11-05T21:03:51.406Z] >>> [apiv2][query] GET https://api.github.com/user [none]
[debug] [2023-11-05T21:03:52.327Z] <<< [apiv2][status] GET https://api.github.com/user 200
[debug] [2023-11-05T21:03:52.327Z] <<< [apiv2][body] GET https://api.github.com/user {"login":"Kelmcclain","id":57896124,"node_id":"MDQ6VXNlcjU3ODk2MTI0","avatar_url":"https://avatars.githubusercontent.com/u/57896124?v=4","gravatar_id":"","url":"https://api.github.com/users/Kelmcclain","html_url":"https://github.com/Kelmcclain","followers_url":"https://api.github.com/users/Kelmcclain/followers","following_url":"https://api.github.com/users/Kelmcclain/following{/other_user}","gists_url":"https://api.github.com/users/Kelmcclain/gists{/gist_id}","starred_url":"https://api.github.com/users/Kelmcclain/starred{/owner}{/repo}","subscriptions_url":"https://api.github.com/users/Kelmcclain/subscriptions","organizations_url":"https://api.github.com/users/Kelmcclain/orgs","repos_url":"https://api.github.com/users/Kelmcclain/repos","events_url":"https://api.github.com/users/Kelmcclain/events{/privacy}","received_events_url":"https://api.github.com/users/Kelmcclain/received_events","type":"User","site_admin":false,"name":"McClain Kelvin","company":null,"blog":"https://kelmcclain.github.io/","location":"Nairobi-Kenya","email":null,"hireable":true,"bio":"Software Engineer & Graphical Designer","twitter_username":null,"public_repos":11,"public_gists":0,"followers":5,"following":2,"created_at":"2019-11-18T09:52:43Z","updated_at":"2023-11-05T19:02:12Z","private_gists":0,"total_private_repos":9,"owned_private_repos":9,"disk_usage":401591,"collaborators":0,"two_factor_authentication":false,"plan":{"name":"free","space":976562499,"collaborators":0,"private_repos":10000}}
[info] 
[info] +  Success! Logged into GitHub as Kelmcclain 
[info] 
